<?xml version="1.0" encoding="UTF-8"?>
<testng-results skipped="0" failed="0" ignored="0" total="3" passed="3">
  <reporter-output>
  </reporter-output>
  <suite name="Default suite" duration-ms="21149" started-at="2020-05-23T07:44:26Z" finished-at="2020-05-23T07:44:47Z">
    <groups>
    </groups>
    <test name="Default test" duration-ms="21149" started-at="2020-05-23T07:44:26Z" finished-at="2020-05-23T07:44:47Z">
      <class name="com.testPackage.CalTest">
        <test-method status="PASS" signature="setUp()[pri:0, instance:com.testPackage.CalTest@5e3a8624]" name="setUp" is-config="true" duration-ms="14180" started-at="2020-05-23T07:44:26Z" finished-at="2020-05-23T07:44:40Z">
          <reporter-output>
          </reporter-output>
        </test-method> <!-- setUp -->
        <test-method status="PASS" signature="sumTest()[pri:1, instance:com.testPackage.CalTest@5e3a8624]" name="sumTest" duration-ms="2369" started-at="2020-05-23T07:44:40Z" finished-at="2020-05-23T07:44:42Z">
          <reporter-output>
          </reporter-output>
        </test-method> <!-- sumTest -->
        <test-method status="PASS" signature="subTest()[pri:2, instance:com.testPackage.CalTest@5e3a8624]" name="subTest" duration-ms="2226" started-at="2020-05-23T07:44:42Z" finished-at="2020-05-23T07:44:44Z">
          <reporter-output>
          </reporter-output>
        </test-method> <!-- subTest -->
        <test-method status="PASS" signature="divTest()[pri:3, instance:com.testPackage.CalTest@5e3a8624]" name="divTest" duration-ms="2322" started-at="2020-05-23T07:44:44Z" finished-at="2020-05-23T07:44:47Z">
          <reporter-output>
          </reporter-output>
        </test-method> <!-- divTest -->
      </class> <!-- com.testPackage.CalTest -->
    </test> <!-- Default test -->
  </suite> <!-- Default suite -->
</testng-results>
