<?xml version="1.0" encoding="UTF-8"?>
<!-- Generated by org.testng.reporters.JUnitXMLReporter -->
<testsuite hostname="LAPTOP-B1VDJO44" ignored="0" name="Default test" tests="3" failures="0" timestamp="23 May 2020 07:44:47 GMT" time="21.149" errors="0">
  <testcase name="sumTest" time="2.369" classname="com.testPackage.CalTest"/>
  <testcase name="subTest" time="2.226" classname="com.testPackage.CalTest"/>
  <testcase name="divTest" time="2.322" classname="com.testPackage.CalTest"/>
</testsuite> <!-- Default test -->
